1537855475164	geckodriver	INFO	geckodriver 0.21.0
1537855475175	geckodriver	INFO	Listening on 127.0.0.1:55708
1537855475731	mozrunner::runner	INFO	Running command: "C:\\Program Files (x86)\\Mozilla Firefox\\firefox.exe" "-marionette" "-foreground" "-no-remote" "-profile" "C:\\Users\\ahoss1\\AppData\\Local\\Temp\\1\\rust_mozprofile.cHgjHJVh6b4m"
1537855482429	Marionette	INFO	Listening on port 55713
1537855483011	Marionette	WARN	TLS certificate errors will be ignored for this session
1537855483058	Marionette	DEBUG	[6442450945] Frame script loaded
1537855483068	Marionette	DEBUG	[6442450945] Frame script registered
1537855483135	Marionette	DEBUG	[6442450945] Received DOM event beforeunload for about:blank
1537855484362	Marionette	DEBUG	[6442450945] Received DOM event pagehide for about:blank
1537855485897	Marionette	DEBUG	[6442450945] Received DOM event DOMContentLoaded for https://www.facebook.com/
1537855487349	Marionette	DEBUG	[6442450945] Received DOM event pageshow for https://www.facebook.com/
1537855488175	Marionette	INFO	Stopped listening on port 55713
[Child 14248, Chrome_ChildThread] WARNING: pipe error: 109: file z:/build/build/src/ipc/chromium/src/chrome/common/ipc_channel_win.cc, line 346
[Child 14248, Chrome_ChildThread] WARNING: pipe[Parent 16444, Gecko_IOThread] WARNING: file z:/build/build/src/ipc/chromium/src/base/process_util_win.cc, line 188

###!!! [Child][MessageChannel::SendAndWait] Error: Channel error: cannot send/recv

1537855539767	geckodriver	INFO	geckodriver 0.21.0
1537855539778	geckodriver	INFO	Listening on 127.0.0.1:55816
1537855540337	mozrunner::runner	INFO	Running command: "C:\\Program Files (x86)\\Mozilla Firefox\\firefox.exe" "-marionette" "-foreground" "-no-remote" "-profile" "C:\\Users\\ahoss1\\AppData\\Local\\Temp\\1\\rust_mozprofile.oEijA9md4D3l"
1537855545020	Marionette	INFO	Listening on port 55821
1537855545297	Marionette	WARN	TLS certificate errors will be ignored for this session
1537855545350	Marionette	DEBUG	[6442450945] Frame script loaded
1537855545359	Marionette	DEBUG	[6442450945] Frame script registered
1537855545403	Marionette	DEBUG	[6442450945] Received DOM event beforeunload for about:blank
1537855546302	Marionette	DEBUG	[6442450945] Received DOM event pagehide for about:blank
1537855547153	Marionette	DEBUG	[6442450945] Received DOM event DOMContentLoaded for https://www.facebook.com/
1537855548640	Marionette	DEBUG	[6442450945] Received DOM event pageshow for https://www.facebook.com/
1537855549403	Marionette	INFO	Stopped listening on port 55821
[Child 10628, Chrome_ChildThread] WARNING: pipe error: 109: file z:/build/build/src/ipc/chromium/src/chrome/common/ipc_channel_win.cc, line 346
[Child 10628,[Parent 12632, Gecko_IOThread] WARNING: pipe error: 109: file z:/build/build/src/ipc/chromium/src/chrome/common/ipc_channel_win.cc, line 346
[Child 7512, Chrome_ChildThread] WARNING: pipe error: 109: file z:/build/build/src/ipc/chromium/src/chrome/common/ipc_channel_win.cc, line 346
[Child 7512, Chrome_ChildThread] WAR[Parent 12632, Gecko_IOThread] WARNING: pipe error: 109: file z:/build/build/src/ipc/chromium/src/chrome/common/ipc_channel_win.cc, line 346
[GPU 14452, Chrome_ChildThread] WAR
###!!! [Child][MessageChannel::SendAndWait] Error: Channel error: cannot send/recv

